ERROR - 2024-12-08 02:41:55 --> Column 'id_user' cannot be null
CRITICAL - 2024-12-08 02:45:30 --> Invalid argument supplied for foreach()
#0 C:\Users\OMEN\Downloads\perpus\app\Views\editpeminjaman.php(8): CodeIgniter\Debug\Exceptions->errorHandler(2, 'Invalid argumen...', 'C:\\Users\\OMEN\\D...', 8, Array)
#1 C:\Users\OMEN\Downloads\perpus\system\View\View.php(210): include('C:\\Users\\OMEN\\D...')
#2 C:\Users\OMEN\Downloads\perpus\system\View\View.php(213): CodeIgniter\View\View->CodeIgniter\View\{closure}()
#3 C:\Users\OMEN\Downloads\perpus\system\Common.php(1089): CodeIgniter\View\View->render('editpeminjaman', Array, true)
#4 C:\Users\OMEN\Downloads\perpus\app\Controllers\Home.php(586): view('editpeminjaman', Array)
#5 C:\Users\OMEN\Downloads\perpus\system\CodeIgniter.php(832): App\Controllers\Home->editpeminjaman('assets', 'img', 'logo.png')
#6 C:\Users\OMEN\Downloads\perpus\system\CodeIgniter.php(419): CodeIgniter\CodeIgniter->runController(Object(App\Controllers\Home))
#7 C:\Users\OMEN\Downloads\perpus\system\CodeIgniter.php(326): CodeIgniter\CodeIgniter->handleRequest(NULL, Object(Config\Cache), false)
#8 C:\Users\OMEN\Downloads\perpus\public\index.php(37): CodeIgniter\CodeIgniter->run()
#9 C:\Users\OMEN\Downloads\perpus\system\Commands\Server\rewrite.php(43): require_once('C:\\Users\\OMEN\\D...')
#10 {main}
CRITICAL - 2024-12-08 02:45:30 --> Invalid argument supplied for foreach()
#0 C:\Users\OMEN\Downloads\perpus\app\Views\editpeminjaman.php(8): CodeIgniter\Debug\Exceptions->errorHandler(2, 'Invalid argumen...', 'C:\\Users\\OMEN\\D...', 8, Array)
#1 C:\Users\OMEN\Downloads\perpus\system\View\View.php(210): include('C:\\Users\\OMEN\\D...')
#2 C:\Users\OMEN\Downloads\perpus\system\View\View.php(213): CodeIgniter\View\View->CodeIgniter\View\{closure}()
#3 C:\Users\OMEN\Downloads\perpus\system\Common.php(1089): CodeIgniter\View\View->render('editpeminjaman', Array, true)
#4 C:\Users\OMEN\Downloads\perpus\app\Controllers\Home.php(586): view('editpeminjaman', Array)
#5 C:\Users\OMEN\Downloads\perpus\system\CodeIgniter.php(832): App\Controllers\Home->editpeminjaman('assets', 'img', 'messages-1.jpg')
#6 C:\Users\OMEN\Downloads\perpus\system\CodeIgniter.php(419): CodeIgniter\CodeIgniter->runController(Object(App\Controllers\Home))
#7 C:\Users\OMEN\Downloads\perpus\system\CodeIgniter.php(326): CodeIgniter\CodeIgniter->handleRequest(NULL, Object(Config\Cache), false)
#8 C:\Users\OMEN\Downloads\perpus\public\index.php(37): CodeIgniter\CodeIgniter->run()
#9 C:\Users\OMEN\Downloads\perpus\system\Commands\Server\rewrite.php(43): require_once('C:\\Users\\OMEN\\D...')
#10 {main}
CRITICAL - 2024-12-08 02:45:30 --> Invalid argument supplied for foreach()
#0 C:\Users\OMEN\Downloads\perpus\app\Views\editpeminjaman.php(8): CodeIgniter\Debug\Exceptions->errorHandler(2, 'Invalid argumen...', 'C:\\Users\\OMEN\\D...', 8, Array)
#1 C:\Users\OMEN\Downloads\perpus\system\View\View.php(210): include('C:\\Users\\OMEN\\D...')
#2 C:\Users\OMEN\Downloads\perpus\system\View\View.php(213): CodeIgniter\View\View->CodeIgniter\View\{closure}()
#3 C:\Users\OMEN\Downloads\perpus\system\Common.php(1089): CodeIgniter\View\View->render('editpeminjaman', Array, true)
#4 C:\Users\OMEN\Downloads\perpus\app\Controllers\Home.php(586): view('editpeminjaman', Array)
#5 C:\Users\OMEN\Downloads\perpus\system\CodeIgniter.php(832): App\Controllers\Home->editpeminjaman('assets', 'img', 'messages-2.jpg')
#6 C:\Users\OMEN\Downloads\perpus\system\CodeIgniter.php(419): CodeIgniter\CodeIgniter->runController(Object(App\Controllers\Home))
#7 C:\Users\OMEN\Downloads\perpus\system\CodeIgniter.php(326): CodeIgniter\CodeIgniter->handleRequest(NULL, Object(Config\Cache), false)
#8 C:\Users\OMEN\Downloads\perpus\public\index.php(37): CodeIgniter\CodeIgniter->run()
#9 C:\Users\OMEN\Downloads\perpus\system\Commands\Server\rewrite.php(43): require_once('C:\\Users\\OMEN\\D...')
#10 {main}
CRITICAL - 2024-12-08 02:45:30 --> Invalid argument supplied for foreach()
#0 C:\Users\OMEN\Downloads\perpus\app\Views\editpeminjaman.php(8): CodeIgniter\Debug\Exceptions->errorHandler(2, 'Invalid argumen...', 'C:\\Users\\OMEN\\D...', 8, Array)
#1 C:\Users\OMEN\Downloads\perpus\system\View\View.php(210): include('C:\\Users\\OMEN\\D...')
#2 C:\Users\OMEN\Downloads\perpus\system\View\View.php(213): CodeIgniter\View\View->CodeIgniter\View\{closure}()
#3 C:\Users\OMEN\Downloads\perpus\system\Common.php(1089): CodeIgniter\View\View->render('editpeminjaman', Array, true)
#4 C:\Users\OMEN\Downloads\perpus\app\Controllers\Home.php(586): view('editpeminjaman', Array)
#5 C:\Users\OMEN\Downloads\perpus\system\CodeIgniter.php(832): App\Controllers\Home->editpeminjaman('assets', 'img', 'messages-3.jpg')
#6 C:\Users\OMEN\Downloads\perpus\system\CodeIgniter.php(419): CodeIgniter\CodeIgniter->runController(Object(App\Controllers\Home))
#7 C:\Users\OMEN\Downloads\perpus\system\CodeIgniter.php(326): CodeIgniter\CodeIgniter->handleRequest(NULL, Object(Config\Cache), false)
#8 C:\Users\OMEN\Downloads\perpus\public\index.php(37): CodeIgniter\CodeIgniter->run()
#9 C:\Users\OMEN\Downloads\perpus\system\Commands\Server\rewrite.php(43): require_once('C:\\Users\\OMEN\\D...')
#10 {main}
ERROR - 2024-12-08 02:45:45 --> Unknown column 'nama_siswa' in 'field list'
CRITICAL - 2024-12-08 02:45:54 --> Invalid argument supplied for foreach()
#0 C:\Users\OMEN\Downloads\perpus\app\Views\editpeminjaman.php(8): CodeIgniter\Debug\Exceptions->errorHandler(2, 'Invalid argumen...', 'C:\\Users\\OMEN\\D...', 8, Array)
#1 C:\Users\OMEN\Downloads\perpus\system\View\View.php(210): include('C:\\Users\\OMEN\\D...')
#2 C:\Users\OMEN\Downloads\perpus\system\View\View.php(213): CodeIgniter\View\View->CodeIgniter\View\{closure}()
#3 C:\Users\OMEN\Downloads\perpus\system\Common.php(1089): CodeIgniter\View\View->render('editpeminjaman', Array, true)
#4 C:\Users\OMEN\Downloads\perpus\app\Controllers\Home.php(586): view('editpeminjaman', Array)
#5 C:\Users\OMEN\Downloads\perpus\system\CodeIgniter.php(832): App\Controllers\Home->editpeminjaman('assets', 'img', 'logo.png')
#6 C:\Users\OMEN\Downloads\perpus\system\CodeIgniter.php(419): CodeIgniter\CodeIgniter->runController(Object(App\Controllers\Home))
#7 C:\Users\OMEN\Downloads\perpus\system\CodeIgniter.php(326): CodeIgniter\CodeIgniter->handleRequest(NULL, Object(Config\Cache), false)
#8 C:\Users\OMEN\Downloads\perpus\public\index.php(37): CodeIgniter\CodeIgniter->run()
#9 C:\Users\OMEN\Downloads\perpus\system\Commands\Server\rewrite.php(43): require_once('C:\\Users\\OMEN\\D...')
#10 {main}
CRITICAL - 2024-12-08 02:45:54 --> Invalid argument supplied for foreach()
#0 C:\Users\OMEN\Downloads\perpus\app\Views\editpeminjaman.php(8): CodeIgniter\Debug\Exceptions->errorHandler(2, 'Invalid argumen...', 'C:\\Users\\OMEN\\D...', 8, Array)
#1 C:\Users\OMEN\Downloads\perpus\system\View\View.php(210): include('C:\\Users\\OMEN\\D...')
#2 C:\Users\OMEN\Downloads\perpus\system\View\View.php(213): CodeIgniter\View\View->CodeIgniter\View\{closure}()
#3 C:\Users\OMEN\Downloads\perpus\system\Common.php(1089): CodeIgniter\View\View->render('editpeminjaman', Array, true)
#4 C:\Users\OMEN\Downloads\perpus\app\Controllers\Home.php(586): view('editpeminjaman', Array)
#5 C:\Users\OMEN\Downloads\perpus\system\CodeIgniter.php(832): App\Controllers\Home->editpeminjaman('assets', 'img', 'messages-1.jpg')
#6 C:\Users\OMEN\Downloads\perpus\system\CodeIgniter.php(419): CodeIgniter\CodeIgniter->runController(Object(App\Controllers\Home))
#7 C:\Users\OMEN\Downloads\perpus\system\CodeIgniter.php(326): CodeIgniter\CodeIgniter->handleRequest(NULL, Object(Config\Cache), false)
#8 C:\Users\OMEN\Downloads\perpus\public\index.php(37): CodeIgniter\CodeIgniter->run()
#9 C:\Users\OMEN\Downloads\perpus\system\Commands\Server\rewrite.php(43): require_once('C:\\Users\\OMEN\\D...')
#10 {main}
CRITICAL - 2024-12-08 02:45:54 --> Invalid argument supplied for foreach()
#0 C:\Users\OMEN\Downloads\perpus\app\Views\editpeminjaman.php(8): CodeIgniter\Debug\Exceptions->errorHandler(2, 'Invalid argumen...', 'C:\\Users\\OMEN\\D...', 8, Array)
#1 C:\Users\OMEN\Downloads\perpus\system\View\View.php(210): include('C:\\Users\\OMEN\\D...')
#2 C:\Users\OMEN\Downloads\perpus\system\View\View.php(213): CodeIgniter\View\View->CodeIgniter\View\{closure}()
#3 C:\Users\OMEN\Downloads\perpus\system\Common.php(1089): CodeIgniter\View\View->render('editpeminjaman', Array, true)
#4 C:\Users\OMEN\Downloads\perpus\app\Controllers\Home.php(586): view('editpeminjaman', Array)
#5 C:\Users\OMEN\Downloads\perpus\system\CodeIgniter.php(832): App\Controllers\Home->editpeminjaman('assets', 'img', 'messages-2.jpg')
#6 C:\Users\OMEN\Downloads\perpus\system\CodeIgniter.php(419): CodeIgniter\CodeIgniter->runController(Object(App\Controllers\Home))
#7 C:\Users\OMEN\Downloads\perpus\system\CodeIgniter.php(326): CodeIgniter\CodeIgniter->handleRequest(NULL, Object(Config\Cache), false)
#8 C:\Users\OMEN\Downloads\perpus\public\index.php(37): CodeIgniter\CodeIgniter->run()
#9 C:\Users\OMEN\Downloads\perpus\system\Commands\Server\rewrite.php(43): require_once('C:\\Users\\OMEN\\D...')
#10 {main}
CRITICAL - 2024-12-08 02:45:54 --> Invalid argument supplied for foreach()
#0 C:\Users\OMEN\Downloads\perpus\app\Views\editpeminjaman.php(8): CodeIgniter\Debug\Exceptions->errorHandler(2, 'Invalid argumen...', 'C:\\Users\\OMEN\\D...', 8, Array)
#1 C:\Users\OMEN\Downloads\perpus\system\View\View.php(210): include('C:\\Users\\OMEN\\D...')
#2 C:\Users\OMEN\Downloads\perpus\system\View\View.php(213): CodeIgniter\View\View->CodeIgniter\View\{closure}()
#3 C:\Users\OMEN\Downloads\perpus\system\Common.php(1089): CodeIgniter\View\View->render('editpeminjaman', Array, true)
#4 C:\Users\OMEN\Downloads\perpus\app\Controllers\Home.php(586): view('editpeminjaman', Array)
#5 C:\Users\OMEN\Downloads\perpus\system\CodeIgniter.php(832): App\Controllers\Home->editpeminjaman('assets', 'img', 'messages-3.jpg')
#6 C:\Users\OMEN\Downloads\perpus\system\CodeIgniter.php(419): CodeIgniter\CodeIgniter->runController(Object(App\Controllers\Home))
#7 C:\Users\OMEN\Downloads\perpus\system\CodeIgniter.php(326): CodeIgniter\CodeIgniter->handleRequest(NULL, Object(Config\Cache), false)
#8 C:\Users\OMEN\Downloads\perpus\public\index.php(37): CodeIgniter\CodeIgniter->run()
#9 C:\Users\OMEN\Downloads\perpus\system\Commands\Server\rewrite.php(43): require_once('C:\\Users\\OMEN\\D...')
#10 {main}
ERROR - 2024-12-08 02:45:57 --> Unknown column 'nama_siswa' in 'field list'
CRITICAL - 2024-12-08 02:47:41 --> Invalid argument supplied for foreach()
#0 C:\Users\OMEN\Downloads\perpus\app\Views\tcpdfpeminjaman.php(18): CodeIgniter\Debug\Exceptions->errorHandler(2, 'Invalid argumen...', 'C:\\Users\\OMEN\\D...', 18, Array)
#1 C:\Users\OMEN\Downloads\perpus\system\View\View.php(210): include('C:\\Users\\OMEN\\D...')
#2 C:\Users\OMEN\Downloads\perpus\system\View\View.php(213): CodeIgniter\View\View->CodeIgniter\View\{closure}()
#3 C:\Users\OMEN\Downloads\perpus\system\Common.php(1089): CodeIgniter\View\View->render('tcpdfpeminjaman', Array, true)
#4 C:\Users\OMEN\Downloads\perpus\app\Controllers\Home.php(625): view('tcpdfpeminjaman')
#5 C:\Users\OMEN\Downloads\perpus\system\CodeIgniter.php(832): App\Controllers\Home->tcpdfpeminjaman()
#6 C:\Users\OMEN\Downloads\perpus\system\CodeIgniter.php(419): CodeIgniter\CodeIgniter->runController(Object(App\Controllers\Home))
#7 C:\Users\OMEN\Downloads\perpus\system\CodeIgniter.php(326): CodeIgniter\CodeIgniter->handleRequest(NULL, Object(Config\Cache), false)
#8 C:\Users\OMEN\Downloads\perpus\public\index.php(37): CodeIgniter\CodeIgniter->run()
#9 C:\Users\OMEN\Downloads\perpus\system\Commands\Server\rewrite.php(43): require_once('C:\\Users\\OMEN\\D...')
#10 {main}
